
<- Color ----------------------------------------------------------------------
The Color class handles RGB colors.

An instance can be contructed from either a RGB value:
new Color( array( 'rgb' => 12345 ) );

Or from distinct red, green, blue constitutives:
new Color( array( 'red' => 255, 'green' => 255, 'blue' => 255 ) );

Red, green, blue constitutives and RGB values are converted to intergers.
Negative or > to 255 color constitutives are left as is.
Any other use is undefined behaviour.

The class provides the following methods :

Color   add( Color $rhs );
Adds each color constitutive and returns a new Color instance.

Color   sub( Color $rhs );
Substracts each color constitutive and returns a new Color instance.

Color   mult( $f );
Multiplies each color constitutive by factor $f and returns a new Color
instance.
---------------------------------------------------------------------- Color ->
Color( red: 255, green:   0, blue:   0 ) constructed.
Color( red:   0, green: 255, blue:   0 ) constructed.
Color( red:   0, green:   0, blue: 255 ) constructed.
Color( red: 255, green: 255, blue:   0 ) constructed.
Color( red:   0, green: 255, blue: 255 ) constructed.
Color( red: 255, green:   0, blue: 255 ) constructed.
Color( red: 255, green: 255, blue:   0 ) constructed.
Color( red: 255, green: 255, blue: 255 ) constructed.
Color( red: 255, green: 255, blue:   0 ) destructed.
Color( red: 255, green:   0, blue:   0 )
Color( red:   0, green: 255, blue:   0 )
Color( red:   0, green:   0, blue: 255 )
Color( red: 255, green: 255, blue:   0 )
Color( red:   0, green: 255, blue: 255 )
Color( red: 255, green:   0, blue: 255 )
Color( red: 255, green: 255, blue: 255 )
Black: Color( red:   0, green:   0, blue:   0 )
Color( red:  10, green:  10, blue:  10 ) constructed.
darkgrey: Color( red:  10, green:  10, blue:  10 )
Color( red: 225, green: 225, blue: 225 ) constructed.
lightgrey: Color( red: 225, green: 225, blue: 225 )
Color( red:  12, green:  31, blue:  23 ) constructed.
random: Color( red:  12, green:  31, blue:  23 )
Color( red:  12, green:  31, blue:  23 ) destructed.
Color( red: 225, green: 225, blue: 225 ) destructed.
Color( red:  10, green:  10, blue:  10 ) destructed.
Color( red:   0, green:   0, blue:   0 ) destructed.
Color( red: 255, green: 255, blue: 255 ) destructed.
Color( red: 255, green:   0, blue: 255 ) destructed.
Color( red:   0, green: 255, blue: 255 ) destructed.
Color( red: 255, green: 255, blue:   0 ) destructed.
Color( red:   0, green:   0, blue: 255 ) destructed.
Color( red:   0, green: 255, blue:   0 ) destructed.
Color( red: 255, green:   0, blue:   0 ) destructed.
